<?xml version="1.0" encoding="UTF-8"?>
<!-- Generated by org.testng.reporters.JUnitReportReporter -->
<testsuite hostname="HARISH-DESKTOP" failures="0" tests="1" name="com.wipro.Screenshot" time="13.999" errors="0" timestamp="2023-02-21T19:22:49 IST" skipped="0">
  <testcase classname="com.wipro.Screenshot" name="url" time="13.999"/>
  <system-out/>
</testsuite> <!-- com.wipro.Screenshot -->
