<?xml version="1.0" encoding="UTF-8"?>
<!-- Generated by org.testng.reporters.JUnitReportReporter -->
<testsuite hostname="HARISH-DESKTOP" failures="0" tests="1" name="com.wipro.Sample" time="36.735" errors="0" timestamp="2023-02-15T11:56:09 IST" skipped="0">
  <testcase classname="com.wipro.Sample" name="tc1" time="36.735"/>
  <system-out/>
</testsuite> <!-- com.wipro.Sample -->
