<?xml version="1.0" encoding="UTF-8"?>
<!-- Generated by org.testng.reporters.JUnitReportReporter -->
<testsuite hostname="HARISH-DESKTOP" failures="0" tests="1" name="com.basecla.TestNG" time="33.122" errors="0" timestamp="2023-03-06T11:16:35 IST" skipped="0">
  <testcase classname="com.basecla.TestNG" name="Autosuggest" time="33.122"/>
  <system-out/>
</testsuite> <!-- com.basecla.TestNG -->
