<?xml version="1.0" encoding="UTF-8"?>
<!-- Generated by org.testng.reporters.JUnitReportReporter -->
<testsuite hostname="HARISH-DESKTOP" failures="0" tests="1" name="com.basecla.DataDri" time="4.348" errors="0" timestamp="2023-03-09T11:30:14 IST" skipped="0">
  <testcase classname="com.basecla.DataDri" name="tc1" time="4.348"/>
  <system-out/>
</testsuite> <!-- com.basecla.DataDri -->
