<?xml version="1.0" encoding="UTF-8"?>
<!-- Generated by org.testng.reporters.JUnitReportReporter -->
<testsuite hostname="HARISH-DESKTOP" failures="0" tests="1" name="com.basecla.Demo" time="91.313" errors="0" timestamp="2023-03-08T09:08:36 IST" skipped="0">
  <testcase classname="com.basecla.Demo" name="tc1" time="91.313"/>
  <system-out/>
</testsuite> <!-- com.basecla.Demo -->
