<?xml version="1.0" encoding="UTF-8"?>
<!-- Generated by org.testng.reporters.JUnitReportReporter -->
<testsuite hostname="HARISH-DESKTOP" failures="0" tests="1" name="com.Css.CssSelector" time="20.878" errors="0" timestamp="2023-03-13T12:03:36 IST" skipped="0">
  <testcase classname="com.Css.CssSelector" name="tc1" time="20.878"/>
  <system-out/>
</testsuite> <!-- com.Css.CssSelector -->
