<?xml version="1.0" encoding="UTF-8"?>
<!-- Generated by org.testng.reporters.JUnitReportReporter -->
<testsuite hostname="HARISH-DESKTOP" failures="0" tests="1" name="com.basecla.HeadlessBrowser" time="20.290" errors="0" timestamp="2023-03-06T12:35:48 IST" skipped="0">
  <testcase classname="com.basecla.HeadlessBrowser" name="headLess" time="20.290"/>
  <system-out/>
</testsuite> <!-- com.basecla.HeadlessBrowser -->
