<?xml version="1.0" encoding="UTF-8"?>
<!-- Generated by org.testng.reporters.JUnitReportReporter -->
<testsuite hostname="HARISH-DESKTOP" failures="0" tests="2" name="com.wipro.Annotations" time="0.076" errors="0" timestamp="2023-02-15T12:24:34 IST" skipped="0">
  <testcase classname="com.wipro.Annotations" name="test" time="0.050"/>
  <system-out/>
  <testcase classname="com.wipro.Annotations" name="test2" time="0.026"/>
  <system-out/>
</testsuite> <!-- com.wipro.Annotations -->
