<?xml version="1.0" encoding="UTF-8"?>
<!-- Generated by org.testng.reporters.JUnitReportReporter -->
<testsuite hostname="HARISH-DESKTOP" failures="0" tests="1" name="com.wipro.AmazonRobot" time="26.534" errors="0" timestamp="2023-02-20T21:19:34 IST" skipped="0">
  <testcase classname="com.wipro.AmazonRobot" name="url" time="26.534"/>
  <system-out/>
</testsuite> <!-- com.wipro.AmazonRobot -->
